This is pdfTeX, Version 3.14159265-2.6-1.40.16 (TeX Live 2015/Debian) (preloaded format=pdflatex 2015.7.8)  30 JUL 2015 16:24
entering extended mode
 restricted \write18 enabled.
 %&-line parsing enabled.
**permut
(./permut.tex
LaTeX2e <2015/01/01> patch level 1
Babel <3.9l> and hyphenation patterns for 79 languages loaded.
(/usr/share/texlive/texmf-dist/tex/latex/base/report.cls
Document Class: report 2014/09/29 v1.4h Standard LaTeX document class
(/usr/share/texlive/texmf-dist/tex/latex/base/size11.clo
File: size11.clo 2014/09/29 v1.4h Standard LaTeX file (size option)
)
\c@part=\count79
\c@chapter=\count80
\c@section=\count81
\c@subsection=\count82
\c@subsubsection=\count83
\c@paragraph=\count84
\c@subparagraph=\count85
\c@figure=\count86
\c@table=\count87
\abovecaptionskip=\skip41
\belowcaptionskip=\skip42
\bibindent=\dimen102
)
(/usr/share/texlive/texmf-dist/tex/latex/a4wide/a4wide.sty
Package: a4wide 1994/08/30

(/usr/share/texlive/texmf-dist/tex/latex/ntgclass/a4.sty
Package: a4 2004/04/15 v1.2g A4 based page layout
))
(/usr/share/texlive/texmf-dist/tex/latex/amsfonts/amssymb.sty
Package: amssymb 2013/01/14 v3.01 AMS font symbols

(/usr/share/texlive/texmf-dist/tex/latex/amsfonts/amsfonts.sty
Package: amsfonts 2013/01/14 v3.01 Basic AMSFonts support
\@emptytoks=\toks14
\symAMSa=\mathgroup4
\symAMSb=\mathgroup5
LaTeX Font Info:    Overwriting math alphabet `\mathfrak' in version `bold'
(Font)                  U/euf/m/n --> U/euf/b/n on input line 106.
))
(/usr/share/texlive/texmf-dist/tex/latex/base/inputenc.sty
Package: inputenc 2015/03/17 v1.2c Input encoding file
\inpenc@prehook=\toks15
\inpenc@posthook=\toks16

(/usr/share/texlive/texmf-dist/tex/latex/base/latin1.def
File: latin1.def 2015/03/17 v1.2c Input encoding file
))
(/usr/share/texlive/texmf-dist/tex/latex/base/makeidx.sty
Package: makeidx 2014/09/29 v1.0m Standard LaTeX package
)
\@indexfile=\write3
\openout3 = `permut.idx'.


Writing index file permut.idx
(/usr/share/texlive/texmf-dist/tex/latex/graphics/color.sty
Package: color 2014/10/28 v1.1a Standard LaTeX Color (DPC)

(/usr/share/texlive/texmf-dist/tex/latex/latexconfig/color.cfg
File: color.cfg 2007/01/18 v1.5 color configuration of teTeX/TeXLive
)
Package color Info: Driver file: pdftex.def on input line 142.

(/usr/share/texlive/texmf-dist/tex/latex/pdftex-def/pdftex.def
File: pdftex.def 2011/05/27 v0.06d Graphics/color for pdfTeX

(/usr/share/texlive/texmf-dist/tex/generic/oberdiek/infwarerr.sty
Package: infwarerr 2010/04/08 v1.3 Providing info/warning/error messages (HO)
)
(/usr/share/texlive/texmf-dist/tex/generic/oberdiek/ltxcmds.sty
Package: ltxcmds 2011/11/09 v1.22 LaTeX kernel commands for general use (HO)
)
\Gread@gobject=\count88
))
(/usr/share/texlive/texmf-dist/tex/latex/fancyvrb/fancyvrb.sty
Package: fancyvrb 2008/02/07

Style option: `fancyvrb' v2.7a, with DG/SPQR fixes, and firstline=lastline fix 
<2008/02/07> (tvz) (/usr/share/texlive/texmf-dist/tex/latex/graphics/keyval.sty
Package: keyval 2014/10/28 v1.15 key=value parser (DPC)
\KV@toks@=\toks17
)
\FV@CodeLineNo=\count89
\FV@InFile=\read1
\FV@TabBox=\box26
\c@FancyVerbLine=\count90
\FV@StepNumber=\count91
\FV@OutFile=\write4
) (/usr/share/texlive/texmf-dist/tex/latex/psnfss/mathptmx.sty
Package: mathptmx 2005/04/12 PSNFSS-v9.2a Times w/ Math, improved (SPQR, WaS) 
LaTeX Font Info:    Redeclaring symbol font `operators' on input line 28.
LaTeX Font Info:    Overwriting symbol font `operators' in version `normal'
(Font)                  OT1/cmr/m/n --> OT1/ztmcm/m/n on input line 28.
LaTeX Font Info:    Overwriting symbol font `operators' in version `bold'
(Font)                  OT1/cmr/bx/n --> OT1/ztmcm/m/n on input line 28.
LaTeX Font Info:    Redeclaring symbol font `letters' on input line 29.
LaTeX Font Info:    Overwriting symbol font `letters' in version `normal'
(Font)                  OML/cmm/m/it --> OML/ztmcm/m/it on input line 29.
LaTeX Font Info:    Overwriting symbol font `letters' in version `bold'
(Font)                  OML/cmm/b/it --> OML/ztmcm/m/it on input line 29.
LaTeX Font Info:    Redeclaring symbol font `symbols' on input line 30.
LaTeX Font Info:    Overwriting symbol font `symbols' in version `normal'
(Font)                  OMS/cmsy/m/n --> OMS/ztmcm/m/n on input line 30.
LaTeX Font Info:    Overwriting symbol font `symbols' in version `bold'
(Font)                  OMS/cmsy/b/n --> OMS/ztmcm/m/n on input line 30.
LaTeX Font Info:    Redeclaring symbol font `largesymbols' on input line 31.
LaTeX Font Info:    Overwriting symbol font `largesymbols' in version `normal'
(Font)                  OMX/cmex/m/n --> OMX/ztmcm/m/n on input line 31.
LaTeX Font Info:    Overwriting symbol font `largesymbols' in version `bold'
(Font)                  OMX/cmex/m/n --> OMX/ztmcm/m/n on input line 31.
\symbold=\mathgroup6
\symitalic=\mathgroup7
LaTeX Font Info:    Redeclaring math alphabet \mathbf on input line 34.
LaTeX Font Info:    Overwriting math alphabet `\mathbf' in version `normal'
(Font)                  OT1/cmr/bx/n --> OT1/ptm/bx/n on input line 34.
LaTeX Font Info:    Overwriting math alphabet `\mathbf' in version `bold'
(Font)                  OT1/cmr/bx/n --> OT1/ptm/bx/n on input line 34.
LaTeX Font Info:    Redeclaring math alphabet \mathit on input line 35.
LaTeX Font Info:    Overwriting math alphabet `\mathit' in version `normal'
(Font)                  OT1/cmr/m/it --> OT1/ptm/m/it on input line 35.
LaTeX Font Info:    Overwriting math alphabet `\mathit' in version `bold'
(Font)                  OT1/cmr/bx/it --> OT1/ptm/m/it on input line 35.
LaTeX Info: Redefining \hbar on input line 50.
)
(/usr/share/texlive/texmf-dist/tex/latex/psnfss/helvet.sty
Package: helvet 2005/04/12 PSNFSS-v9.2a (WaS) 
)
(/usr/share/texlive/texmf-dist/tex/latex/base/fontenc.sty
Package: fontenc 2005/09/27 v1.99g Standard LaTeX package

(/usr/share/texlive/texmf-dist/tex/latex/base/t1enc.def
File: t1enc.def 2005/09/27 v1.99g Standard LaTeX file
LaTeX Font Info:    Redeclaring font encoding T1 on input line 48.
))
(/usr/share/texlive/texmf-dist/tex/latex/base/textcomp.sty
Package: textcomp 2005/09/27 v1.99g Standard LaTeX package
Package textcomp Info: Sub-encoding information:
(textcomp)               5 = only ISO-Adobe without \textcurrency
(textcomp)               4 = 5 + \texteuro
(textcomp)               3 = 4 + \textohm
(textcomp)               2 = 3 + \textestimated + \textcurrency
(textcomp)               1 = TS1 - \textcircled - \t
(textcomp)               0 = TS1 (full)
(textcomp)             Font families with sub-encoding setting implement
(textcomp)             only a restricted character set as indicated.
(textcomp)             Family '?' is the default used for unknown fonts.
(textcomp)             See the documentation for details.
Package textcomp Info: Setting ? sub-encoding to TS1/1 on input line 79.

(/usr/share/texlive/texmf-dist/tex/latex/base/ts1enc.def
File: ts1enc.def 2001/06/05 v3.0e (jk/car/fm) Standard LaTeX file
)
LaTeX Info: Redefining \oldstylenums on input line 334.
Package textcomp Info: Setting cmr sub-encoding to TS1/0 on input line 349.
Package textcomp Info: Setting cmss sub-encoding to TS1/0 on input line 350.
Package textcomp Info: Setting cmtt sub-encoding to TS1/0 on input line 351.
Package textcomp Info: Setting cmvtt sub-encoding to TS1/0 on input line 352.
Package textcomp Info: Setting cmbr sub-encoding to TS1/0 on input line 353.
Package textcomp Info: Setting cmtl sub-encoding to TS1/0 on input line 354.
Package textcomp Info: Setting ccr sub-encoding to TS1/0 on input line 355.
Package textcomp Info: Setting ptm sub-encoding to TS1/4 on input line 356.
Package textcomp Info: Setting pcr sub-encoding to TS1/4 on input line 357.
Package textcomp Info: Setting phv sub-encoding to TS1/4 on input line 358.
Package textcomp Info: Setting ppl sub-encoding to TS1/3 on input line 359.
Package textcomp Info: Setting pag sub-encoding to TS1/4 on input line 360.
Package textcomp Info: Setting pbk sub-encoding to TS1/4 on input line 361.
Package textcomp Info: Setting pnc sub-encoding to TS1/4 on input line 362.
Package textcomp Info: Setting pzc sub-encoding to TS1/4 on input line 363.
Package textcomp Info: Setting bch sub-encoding to TS1/4 on input line 364.
Package textcomp Info: Setting put sub-encoding to TS1/5 on input line 365.
Package textcomp Info: Setting uag sub-encoding to TS1/5 on input line 366.
Package textcomp Info: Setting ugq sub-encoding to TS1/5 on input line 367.
Package textcomp Info: Setting ul8 sub-encoding to TS1/4 on input line 368.
Package textcomp Info: Setting ul9 sub-encoding to TS1/4 on input line 369.
Package textcomp Info: Setting augie sub-encoding to TS1/5 on input line 370.
Package textcomp Info: Setting dayrom sub-encoding to TS1/3 on input line 371.
Package textcomp Info: Setting dayroms sub-encoding to TS1/3 on input line 372.

Package textcomp Info: Setting pxr sub-encoding to TS1/0 on input line 373.
Package textcomp Info: Setting pxss sub-encoding to TS1/0 on input line 374.
Package textcomp Info: Setting pxtt sub-encoding to TS1/0 on input line 375.
Package textcomp Info: Setting txr sub-encoding to TS1/0 on input line 376.
Package textcomp Info: Setting txss sub-encoding to TS1/0 on input line 377.
Package textcomp Info: Setting txtt sub-encoding to TS1/0 on input line 378.
Package textcomp Info: Setting lmr sub-encoding to TS1/0 on input line 379.
Package textcomp Info: Setting lmdh sub-encoding to TS1/0 on input line 380.
Package textcomp Info: Setting lmss sub-encoding to TS1/0 on input line 381.
Package textcomp Info: Setting lmssq sub-encoding to TS1/0 on input line 382.
Package textcomp Info: Setting lmvtt sub-encoding to TS1/0 on input line 383.
Package textcomp Info: Setting lmtt sub-encoding to TS1/0 on input line 384.
Package textcomp Info: Setting qhv sub-encoding to TS1/0 on input line 385.
Package textcomp Info: Setting qag sub-encoding to TS1/0 on input line 386.
Package textcomp Info: Setting qbk sub-encoding to TS1/0 on input line 387.
Package textcomp Info: Setting qcr sub-encoding to TS1/0 on input line 388.
Package textcomp Info: Setting qcs sub-encoding to TS1/0 on input line 389.
Package textcomp Info: Setting qpl sub-encoding to TS1/0 on input line 390.
Package textcomp Info: Setting qtm sub-encoding to TS1/0 on input line 391.
Package textcomp Info: Setting qzc sub-encoding to TS1/0 on input line 392.
Package textcomp Info: Setting qhvc sub-encoding to TS1/0 on input line 393.
Package textcomp Info: Setting futs sub-encoding to TS1/4 on input line 394.
Package textcomp Info: Setting futx sub-encoding to TS1/4 on input line 395.
Package textcomp Info: Setting futj sub-encoding to TS1/4 on input line 396.
Package textcomp Info: Setting hlh sub-encoding to TS1/3 on input line 397.
Package textcomp Info: Setting hls sub-encoding to TS1/3 on input line 398.
Package textcomp Info: Setting hlst sub-encoding to TS1/3 on input line 399.
Package textcomp Info: Setting hlct sub-encoding to TS1/5 on input line 400.
Package textcomp Info: Setting hlx sub-encoding to TS1/5 on input line 401.
Package textcomp Info: Setting hlce sub-encoding to TS1/5 on input line 402.
Package textcomp Info: Setting hlcn sub-encoding to TS1/5 on input line 403.
Package textcomp Info: Setting hlcw sub-encoding to TS1/5 on input line 404.
Package textcomp Info: Setting hlcf sub-encoding to TS1/5 on input line 405.
Package textcomp Info: Setting pplx sub-encoding to TS1/3 on input line 406.
Package textcomp Info: Setting pplj sub-encoding to TS1/3 on input line 407.
Package textcomp Info: Setting ptmx sub-encoding to TS1/4 on input line 408.
Package textcomp Info: Setting ptmj sub-encoding to TS1/4 on input line 409.
)
(/usr/share/texlive/texmf-dist/tex/latex/hyperref/hyperref.sty
Package: hyperref 2012/11/06 v6.83m Hypertext links for LaTeX

(/usr/share/texlive/texmf-dist/tex/generic/oberdiek/hobsub-hyperref.sty
Package: hobsub-hyperref 2012/05/28 v1.13 Bundle oberdiek, subset hyperref (HO)


(/usr/share/texlive/texmf-dist/tex/generic/oberdiek/hobsub-generic.sty
Package: hobsub-generic 2012/05/28 v1.13 Bundle oberdiek, subset generic (HO)
Package: hobsub 2012/05/28 v1.13 Construct package bundles (HO)
Package hobsub Info: Skipping package `infwarerr' (already loaded).
Package hobsub Info: Skipping package `ltxcmds' (already loaded).
Package: ifluatex 2010/03/01 v1.3 Provides the ifluatex switch (HO)
Package ifluatex Info: LuaTeX not detected.
Package: ifvtex 2010/03/01 v1.5 Detect VTeX and its facilities (HO)
Package ifvtex Info: VTeX not detected.
Package: intcalc 2007/09/27 v1.1 Expandable calculations with integers (HO)
Package: ifpdf 2011/01/30 v2.3 Provides the ifpdf switch (HO)
Package ifpdf Info: pdfTeX in PDF mode is detected.
Package: etexcmds 2011/02/16 v1.5 Avoid name clashes with e-TeX commands (HO)
Package etexcmds Info: Could not find \expanded.
(etexcmds)             That can mean that you are not using pdfTeX 1.50 or
(etexcmds)             that some package has redefined \expanded.
(etexcmds)             In the latter case, load this package earlier.
Package: kvsetkeys 2012/04/25 v1.16 Key value parser (HO)
Package: kvdefinekeys 2011/04/07 v1.3 Define keys (HO)
Package: pdftexcmds 2011/11/29 v0.20 Utility functions of pdfTeX for LuaTeX (HO
)
Package pdftexcmds Info: LuaTeX not detected.
Package pdftexcmds Info: \pdf@primitive is available.
Package pdftexcmds Info: \pdf@ifprimitive is available.
Package pdftexcmds Info: \pdfdraftmode found.
Package: pdfescape 2011/11/25 v1.13 Implements pdfTeX's escape features (HO)
Package: bigintcalc 2012/04/08 v1.3 Expandable calculations on big integers (HO
)
Package: bitset 2011/01/30 v1.1 Handle bit-vector datatype (HO)
Package: uniquecounter 2011/01/30 v1.2 Provide unlimited unique counter (HO)
)
Package hobsub Info: Skipping package `hobsub' (already loaded).
Package: letltxmacro 2010/09/02 v1.4 Let assignment for LaTeX macros (HO)
Package: hopatch 2012/05/28 v1.2 Wrapper for package hooks (HO)
Package: xcolor-patch 2011/01/30 xcolor patch
Package: atveryend 2011/06/30 v1.8 Hooks at the very end of document (HO)
Package atveryend Info: \enddocument detected (standard20110627).
Package: atbegshi 2011/10/05 v1.16 At begin shipout hook (HO)
Package: refcount 2011/10/16 v3.4 Data extraction from label references (HO)
Package: hycolor 2011/01/30 v1.7 Color options for hyperref/bookmark (HO)
)
(/usr/share/texlive/texmf-dist/tex/generic/ifxetex/ifxetex.sty
Package: ifxetex 2010/09/12 v0.6 Provides ifxetex conditional
)
(/usr/share/texlive/texmf-dist/tex/latex/oberdiek/auxhook.sty
Package: auxhook 2011/03/04 v1.3 Hooks for auxiliary files (HO)
)
(/usr/share/texlive/texmf-dist/tex/latex/oberdiek/kvoptions.sty
Package: kvoptions 2011/06/30 v3.11 Key value format for package options (HO)
)
\@linkdim=\dimen103
\Hy@linkcounter=\count92
\Hy@pagecounter=\count93

(/usr/share/texlive/texmf-dist/tex/latex/hyperref/pd1enc.def
File: pd1enc.def 2012/11/06 v6.83m Hyperref: PDFDocEncoding definition (HO)
)
\Hy@SavedSpaceFactor=\count94

(/usr/share/texlive/texmf-dist/tex/latex/latexconfig/hyperref.cfg
File: hyperref.cfg 2002/06/06 v1.2 hyperref configuration of TeXLive
)

Package hyperref Warning: Unexpected value for option `pdftex'
(hyperref)                is ignored on input line 4319.

Package hyperref Info: Option `bookmarks' set `true' on input line 4319.

Package hyperref Warning: Option `a4paper' is no longer used.

Package hyperref Info: Option `colorlinks' set `true' on input line 4319.
Package hyperref Info: Option `breaklinks' set `true' on input line 4319.
Package hyperref Info: Hyper figures OFF on input line 4443.
Package hyperref Info: Link nesting OFF on input line 4448.
Package hyperref Info: Hyper index ON on input line 4451.
Package hyperref Info: Plain pages OFF on input line 4458.
Package hyperref Info: Backreferencing ON on input line 4461.
Package hyperref Info: Implicit mode ON; LaTeX internals redefined.
Package hyperref Info: Bookmarks ON on input line 4688.
(/usr/share/texlive/texmf-dist/tex/latex/hyperref/backref.sty
Package: backref 2012/07/25 v1.38 Bibliographical back referencing

(/usr/share/texlive/texmf-dist/tex/latex/oberdiek/rerunfilecheck.sty
Package: rerunfilecheck 2011/04/15 v1.7 Rerun checks for auxiliary files (HO)
Package uniquecounter Info: New unique counter `rerunfilecheck' on input line 2
82.
))
\c@Hy@tempcnt=\count95

(/usr/share/texlive/texmf-dist/tex/latex/url/url.sty
\Urlmuskip=\muskip10
Package: url 2013/09/16  ver 3.4  Verb mode for urls, etc.
)
LaTeX Info: Redefining \url on input line 5041.
\XeTeXLinkMargin=\dimen104
\Fld@menulength=\count96
\Field@Width=\dimen105
\Fld@charsize=\dimen106
Package hyperref Info: Hyper figures OFF on input line 6295.
Package hyperref Info: Link nesting OFF on input line 6300.
Package hyperref Info: Hyper index ON on input line 6303.
Package hyperref Info: backreferencing ON on input line 6308.
Package hyperref Info: Link coloring ON on input line 6313.
Package hyperref Info: Link coloring with OCG OFF on input line 6320.
Package hyperref Info: PDF/A mode OFF on input line 6325.
LaTeX Info: Redefining \ref on input line 6365.
LaTeX Info: Redefining \pageref on input line 6369.
\Hy@abspage=\count97
\c@Item=\count98
\c@Hfootnote=\count99
)

Package hyperref Message: Driver: hpdftex.

(/usr/share/texlive/texmf-dist/tex/latex/hyperref/hpdftex.def
File: hpdftex.def 2012/11/06 v6.83m Hyperref driver for pdfTeX
\Fld@listcount=\count100
\c@bookmark@seq@number=\count101
\Hy@SectionHShift=\skip43
)
\pagenrlog=\write5
\openout5 = `permut.pnr'.


(/usr/share/texlive/texmf-dist/tex/latex/enumitem/enumitem.sty
Package: enumitem 2011/09/28 v3.5.2 Customized lists
\labelindent=\skip44
\enit@outerparindent=\dimen107
\enit@toks=\toks18
\enit@inbox=\box27
\enitdp@description=\count102
) (./permut.aux)
\openout1 = `permut.aux'.

LaTeX Font Info:    Checking defaults for OML/cmm/m/it on input line 87.
LaTeX Font Info:    ... okay on input line 87.
LaTeX Font Info:    Checking defaults for T1/cmr/m/n on input line 87.
LaTeX Font Info:    ... okay on input line 87.
LaTeX Font Info:    Checking defaults for OT1/cmr/m/n on input line 87.
LaTeX Font Info:    ... okay on input line 87.
LaTeX Font Info:    Checking defaults for OMS/cmsy/m/n on input line 87.
LaTeX Font Info:    ... okay on input line 87.
LaTeX Font Info:    Checking defaults for OMX/cmex/m/n on input line 87.
LaTeX Font Info:    ... okay on input line 87.
LaTeX Font Info:    Checking defaults for U/cmr/m/n on input line 87.
LaTeX Font Info:    ... okay on input line 87.
LaTeX Font Info:    Checking defaults for TS1/cmr/m/n on input line 87.
LaTeX Font Info:    Try loading font information for TS1+cmr on input line 87.

(/usr/share/texlive/texmf-dist/tex/latex/base/ts1cmr.fd
File: ts1cmr.fd 2014/09/29 v2.5h Standard LaTeX font definitions
)
LaTeX Font Info:    ... okay on input line 87.
LaTeX Font Info:    Checking defaults for PD1/pdf/m/n on input line 87.
LaTeX Font Info:    ... okay on input line 87.
LaTeX Font Info:    Try loading font information for T1+ptm on input line 87.

(/usr/share/texlive/texmf-dist/tex/latex/psnfss/t1ptm.fd
File: t1ptm.fd 2001/06/04 font definitions for T1/ptm.
)
(/usr/share/texlive/texmf-dist/tex/context/base/supp-pdf.mkii
[Loading MPS to PDF converter (version 2006.09.02).]
\scratchcounter=\count103
\scratchdimen=\dimen108
\scratchbox=\box28
\nofMPsegments=\count104
\nofMParguments=\count105
\everyMPshowfont=\toks19
\MPscratchCnt=\count106
\MPscratchDim=\dimen109
\MPnumerator=\count107
\makeMPintoPDFobject=\count108
\everyMPtoPDFconversion=\toks20
)
\big@size=\dimen110
\AtBeginShipoutBox=\box29
Package hyperref Info: Link coloring ON on input line 87.
 (/usr/share/texlive/texmf-dist/tex/latex/hyperref/nameref.sty
Package: nameref 2012/10/27 v2.43 Cross-referencing by name of section

(/usr/share/texlive/texmf-dist/tex/generic/oberdiek/gettitlestring.sty
Package: gettitlestring 2010/12/03 v1.4 Cleanup title references (HO)
)
\c@section@level=\count109
)
LaTeX Info: Redefining \ref on input line 87.
LaTeX Info: Redefining \pageref on input line 87.
LaTeX Info: Redefining \nameref on input line 87.

(./permut.out) (./permut.out)
\@outlinefile=\write6
\openout6 = `permut.out'.

LaTeX Font Info:    Font shape `T1/ptm/bx/n' in size <50> not available
(Font)              Font shape `T1/ptm/b/n' tried instead on input line 93.
LaTeX Font Info:    Try loading font information for T1+phv on input line 93.

(/usr/share/texlive/texmf-dist/tex/latex/psnfss/t1phv.fd
File: t1phv.fd 2001/06/04 scalable font definitions for T1/phv.
)
LaTeX Font Info:    Font shape `T1/phv/bx/n' in size <50> not available
(Font)              Font shape `T1/phv/b/n' tried instead on input line 93.
LaTeX Font Info:    Font shape `T1/ptm/bx/n' in size <24.88> not available
(Font)              Font shape `T1/ptm/b/n' tried instead on input line 98.
LaTeX Font Info:    Font shape `T1/phv/bx/n' in size <24.88> not available
(Font)              Font shape `T1/phv/b/n' tried instead on input line 98.
LaTeX Font Info:    Font shape `T1/ptm/bx/n' in size <14.4> not available
(Font)              Font shape `T1/ptm/b/n' tried instead on input line 103.
LaTeX Font Info:    Font shape `T1/ptm/bx/n' in size <10> not available
(Font)              Font shape `T1/ptm/b/n' tried instead on input line 111.
LaTeX Font Info:    Try loading font information for T1+cmtt on input line 111.


(/usr/share/texlive/texmf-dist/tex/latex/base/t1cmtt.fd
File: t1cmtt.fd 2014/09/29 v2.5h Standard LaTeX font definitions
)
Underfull \hbox (badness 10000) in paragraph at lines 109--129

 []

[1

{/home/estebanr/.texmf-var/fonts/map/pdftex/updmap/pdftex.map}] (./permut.toc
LaTeX Font Info:    Font shape `T1/ptm/bx/n' in size <10.95> not available
(Font)              Font shape `T1/ptm/b/n' tried instead on input line 1.
LaTeX Font Info:    Font shape `T1/phv/bx/n' in size <10.95> not available
(Font)              Font shape `T1/phv/b/n' tried instead on input line 1.
LaTeX Font Info:    Try loading font information for OT1+ztmcm on input line 4.

(/usr/share/texlive/texmf-dist/tex/latex/psnfss/ot1ztmcm.fd
File: ot1ztmcm.fd 2000/01/03 Fontinst v1.801 font definitions for OT1/ztmcm.
)
LaTeX Font Info:    Try loading font information for OML+ztmcm on input line 4.


(/usr/share/texlive/texmf-dist/tex/latex/psnfss/omlztmcm.fd
File: omlztmcm.fd 2000/01/03 Fontinst v1.801 font definitions for OML/ztmcm.
)
LaTeX Font Info:    Try loading font information for OMS+ztmcm on input line 4.


(/usr/share/texlive/texmf-dist/tex/latex/psnfss/omsztmcm.fd
File: omsztmcm.fd 2000/01/03 Fontinst v1.801 font definitions for OMS/ztmcm.
)
LaTeX Font Info:    Try loading font information for OMX+ztmcm on input line 4.


(/usr/share/texlive/texmf-dist/tex/latex/psnfss/omxztmcm.fd
File: omxztmcm.fd 2000/01/03 Fontinst v1.801 font definitions for OMX/ztmcm.
)
LaTeX Font Info:    Try loading font information for OT1+ptm on input line 4.

(/usr/share/texlive/texmf-dist/tex/latex/psnfss/ot1ptm.fd
File: ot1ptm.fd 2001/06/04 font definitions for OT1/ptm.
)
LaTeX Font Info:    Font shape `OT1/ptm/bx/n' in size <10.95> not available
(Font)              Font shape `OT1/ptm/b/n' tried instead on input line 4.
LaTeX Font Info:    Font shape `OT1/ptm/bx/n' in size <8> not available
(Font)              Font shape `OT1/ptm/b/n' tried instead on input line 4.
LaTeX Font Info:    Font shape `OT1/ptm/bx/n' in size <6> not available
(Font)              Font shape `OT1/ptm/b/n' tried instead on input line 4.
)
\tf@toc=\write7
\openout7 = `permut.toc'.

 [2

]
Chapter 1.
LaTeX Font Info:    Font shape `T1/ptm/bx/n' in size <20.74> not available
(Font)              Font shape `T1/ptm/b/n' tried instead on input line 140.
[3

] [4]
Chapter 2.
LaTeX Font Info:    Font shape `T1/cmtt/bx/n' in size <10> not available
(Font)              Font shape `T1/cmtt/m/n' tried instead on input line 202.

Underfull \hbox (badness 10000) in paragraph at lines 223--224
[]\T1/ptm/m/n/10.95 Suggestions, com-ments, and bug re-ports can be sent to the
 email ad-dress
 []

[5

]
Chapter 3.
LaTeX Font Info:    Font shape `T1/ptm/bx/n' in size <12> not available
(Font)              Font shape `T1/ptm/b/n' tried instead on input line 242.

Underfull \hbox (badness 10000) in paragraph at lines 245--248

 []

[6

]
Underfull \hbox (badness 10000) in paragraph at lines 299--302

 []


Underfull \hbox (badness 10000) in paragraph at lines 312--318

 []


Underfull \hbox (badness 10000) in paragraph at lines 330--336

 []

[7]
Underfull \hbox (badness 10000) in paragraph at lines 391--394

 []


Underfull \hbox (badness 10000) in paragraph at lines 405--408

 []

[8]
Underfull \hbox (badness 10000) in paragraph at lines 412--413
[]\T1/ptm/m/n/10.95 This func-tion tries to use the val-ues of \T1/cmtt/m/n/10.
95 IsPermutableInParent \T1/ptm/m/n/10.95 ([][]3.2.2[][]) and
 []


Underfull \hbox (badness 10000) in paragraph at lines 412--413
\T1/cmtt/m/n/10.95 OneSubgroupNotPermutingWithInParent \T1/ptm/m/n/10.95 ([][]3
.2.3[][]) if one of them is set. If it re-
 []


Underfull \hbox (badness 10000) in paragraph at lines 412--413
\T1/ptm/m/n/10.95 turns \T1/cmtt/m/n/10.95 fail\T1/ptm/m/n/10.95 , then it trie
s to set the value of \T1/cmtt/m/n/10.95 IsPermutableInParent \T1/ptm/m/n/10.95
 ([][]3.2.2[][]) and
 []


Underfull \hbox (badness 10000) in paragraph at lines 455--461

 []

[9]
Underfull \hbox (badness 10000) in paragraph at lines 481--487

 []


Underfull \hbox (badness 10000) in paragraph at lines 505--511

 []


Underfull \hbox (badness 10000) in paragraph at lines 520--526

 []


Underfull \hbox (badness 10000) in paragraph at lines 543--545
[]\T1/ptm/m/n/10.95 The next func-tions are not par-tic-u-lar cases of \T1/cmtt
/m/n/10.95 IsFPermutable \T1/ptm/m/n/10.95 ([][]3.2.4[][]) or
 []

[10]
Underfull \hbox (badness 10000) in paragraph at lines 551--557

 []


Underfull \hbox (badness 10000) in paragraph at lines 579--585

 []


Underfull \hbox (badness 10000) in paragraph at lines 612--618

 []


Underfull \hbox (badness 10000) in paragraph at lines 627--633

 []

[11]
Underfull \hbox (badness 10000) in paragraph at lines 642--648

 []


Underfull \hbox (badness 10000) in paragraph at lines 657--663

 []


Underfull \hbox (badness 10000) in paragraph at lines 672--678

 []


Underfull \hbox (badness 10000) in paragraph at lines 687--693

 []

[12]
Underfull \hbox (badness 10000) in paragraph at lines 721--733

 []


Underfull \hbox (badness 10000) in paragraph at lines 744--750

 []


Underfull \hbox (badness 10000) in paragraph at lines 759--771

 []


Underfull \hbox (badness 10000) in paragraph at lines 782--788

 []

[13]
Underfull \hbox (badness 10000) in paragraph at lines 797--809

 []


Underfull \hbox (badness 10000) in paragraph at lines 820--826

 []

[14]
Chapter 4.

Underfull \hbox (badness 10000) in paragraph at lines 886--889

 []

[15

]
Underfull \hbox (badness 10000) in paragraph at lines 916--919

 []


Underfull \hbox (badness 10000) in paragraph at lines 952--955

 []


Underfull \hbox (badness 10000) in paragraph at lines 982--985

 []

[16]
Underfull \hbox (badness 10000) in paragraph at lines 1014--1017

 []


Underfull \hbox (badness 10000) in paragraph at lines 1051--1054

 []

[17]
Underfull \hbox (badness 10000) in paragraph at lines 1091--1094

 []

[18]
Underfull \hbox (badness 10000) in paragraph at lines 1125--1128

 []


Underfull \hbox (badness 10000) in paragraph at lines 1171--1174

 []

[19]
Underfull \hbox (badness 10000) in paragraph at lines 1196--1199

 []

[20]
Chapter 5.

Underfull \hbox (badness 10000) in paragraph at lines 1255--1261

 []

[21

]
Underfull \hbox (badness 10000) in paragraph at lines 1313--1316

 []


Underfull \hbox (badness 10000) in paragraph at lines 1350--1353

 []

[22]
Underfull \hbox (badness 10000) in paragraph at lines 1381--1384

 []


Underfull \hbox (badness 10000) in paragraph at lines 1424--1427

 []

[23]
Underfull \hbox (badness 10000) in paragraph at lines 1447--1450

 []


Underfull \hbox (badness 10000) in paragraph at lines 1474--1477

 []

[24]
Underfull \hbox (badness 10000) in paragraph at lines 1502--1505

 []


Underfull \hbox (badness 10000) in paragraph at lines 1539--1542

 []

[25] [26]
Chapter 6.

Underfull \hbox (badness 10000) in paragraph at lines 1592--1595

 []


Underfull \hbox (badness 10000) in paragraph at lines 1606--1609

 []


Underfull \hbox (badness 10000) in paragraph at lines 1618--1621

 []

[27

]
Underfull \hbox (badness 10000) in paragraph at lines 1632--1635

 []


Underfull \hbox (badness 10000) in paragraph at lines 1677--1680

 []

[28]
Underfull \hbox (badness 10000) in paragraph at lines 1691--1694

 []


Underfull \hbox (badness 10000) in paragraph at lines 1705--1708

 []


Underfull \hbox (badness 10000) in paragraph at lines 1719--1722

 []

[29]
Chapter 7.

Underfull \hbox (badness 10000) in paragraph at lines 1766--1769

 []


Underfull \hbox (badness 10000) in paragraph at lines 1792--1795

 []


Underfull \hbox (badness 10000) in paragraph at lines 1813--1816

 []

[30

]
Underfull \hbox (badness 10000) in paragraph at lines 1840--1843

 []


Underfull \hbox (badness 10000) in paragraph at lines 1870--1873

 []

[31]
Underfull \hbox (badness 10000) in paragraph at lines 1895--1901

 []


Underfull \hbox (badness 10000) in paragraph at lines 1921--1924

 []

(./permut.bbl (./permut.brf)
\tf@brf=\write8
\openout8 = `permut.brf'.

 [32] [33

]) [34] (./permut.ind
Underfull \hbox (badness 10000) in paragraph at lines 42--44
[]\T1/cmtt/m/n/10.95 IsWith\T1/ptm/m/n/10.95 -\T1/cmtt/m/n/10.95 S\T1/ptm/m/n/1
0.95 -\T1/cmtt/m/n/10.95 Subpermutiser\T1/ptm/m/n/10.95 -\T1/cmtt/m/n/10.95 Con
dition\T1/ptm/m/n/10.95 -\T1/cmtt/m/n/10.95 In\T1/ptm/m/n/10.95 -\T1/cmtt/m/n/1
0.95 Parent\T1/ptm/m/n/10.95 ,
 []


Underfull \hbox (badness 10000) in paragraph at lines 45--47
[]\T1/cmtt/m/n/10.95 IsWith\T1/ptm/m/n/10.95 -\T1/cmtt/m/n/10.95 S\T1/ptm/m/n/1
0.95 -\T1/cmtt/m/n/10.95 Subpermutizer\T1/ptm/m/n/10.95 -\T1/cmtt/m/n/10.95 Con
dition\T1/ptm/m/n/10.95 -\T1/cmtt/m/n/10.95 In\T1/ptm/m/n/10.95 -\T1/cmtt/m/n/1
0.95 Parent\T1/ptm/m/n/10.95 ,
 []


Underfull \hbox (badness 10000) in paragraph at lines 48--50
[]\T1/cmtt/m/n/10.95 IsWith\T1/ptm/m/n/10.95 -\T1/cmtt/m/n/10.95 Subnormaliser\
T1/ptm/m/n/10.95 -\T1/cmtt/m/n/10.95 Condition\T1/ptm/m/n/10.95 -\T1/cmtt/m/n/1
0.95 In\T1/ptm/m/n/10.95 -\T1/cmtt/m/n/10.95 Parent\T1/ptm/m/n/10.95 ,
 []


Underfull \hbox (badness 10000) in paragraph at lines 51--53
[]\T1/cmtt/m/n/10.95 IsWith\T1/ptm/m/n/10.95 -\T1/cmtt/m/n/10.95 Subnormalizer\
T1/ptm/m/n/10.95 -\T1/cmtt/m/n/10.95 Condition\T1/ptm/m/n/10.95 -\T1/cmtt/m/n/1
0.95 In\T1/ptm/m/n/10.95 -\T1/cmtt/m/n/10.95 Parent\T1/ptm/m/n/10.95 ,
 []


Underfull \hbox (badness 10000) in paragraph at lines 54--56
[]\T1/cmtt/m/n/10.95 IsWith\T1/ptm/m/n/10.95 -\T1/cmtt/m/n/10.95 Subpermutiser\
T1/ptm/m/n/10.95 -\T1/cmtt/m/n/10.95 Condition\T1/ptm/m/n/10.95 -\T1/cmtt/m/n/1
0.95 In\T1/ptm/m/n/10.95 -\T1/cmtt/m/n/10.95 Parent\T1/ptm/m/n/10.95 ,
 []


Underfull \hbox (badness 10000) in paragraph at lines 57--59
[]\T1/cmtt/m/n/10.95 IsWith\T1/ptm/m/n/10.95 -\T1/cmtt/m/n/10.95 Subpermutizer\
T1/ptm/m/n/10.95 -\T1/cmtt/m/n/10.95 Condition\T1/ptm/m/n/10.95 -\T1/cmtt/m/n/1
0.95 In\T1/ptm/m/n/10.95 -\T1/cmtt/m/n/10.95 Parent\T1/ptm/m/n/10.95 ,
 []


Underfull \hbox (badness 10000) in paragraph at lines 66--68
[]\T1/cmtt/m/n/10.95 One\T1/ptm/m/n/10.95 -\T1/cmtt/m/n/10.95 Conjugate\T1/ptm/
m/n/10.95 -\T1/cmtt/m/n/10.95 Subgroup\T1/ptm/m/n/10.95 -\T1/cmtt/m/n/10.95 Not
\T1/ptm/m/n/10.95 -\T1/cmtt/m/n/10.95 Permuting\T1/ptm/m/n/10.95 -\T1/cmtt/m/n/
10.95 With\T1/ptm/m/n/10.95 ,
 []


Underfull \hbox (badness 10000) in paragraph at lines 68--70
[]\T1/cmtt/m/n/10.95 One\T1/ptm/m/n/10.95 -\T1/cmtt/m/n/10.95 Conjugate\T1/ptm/
m/n/10.95 -\T1/cmtt/m/n/10.95 Subgroup\T1/ptm/m/n/10.95 -\T1/cmtt/m/n/10.95 Not
\T1/ptm/m/n/10.95 -\T1/cmtt/m/n/10.95 Permuting\T1/ptm/m/n/10.95 -\T1/cmtt/m/n/
10.95 With\T1/ptm/m/n/10.95 -
 []


Underfull \hbox (badness 10000) in paragraph at lines 71--73
[]\T1/cmtt/m/n/10.95 One\T1/ptm/m/n/10.95 -\T1/cmtt/m/n/10.95 Element\T1/ptm/m/
n/10.95 -\T1/cmtt/m/n/10.95 Showing\T1/ptm/m/n/10.95 -\T1/cmtt/m/n/10.95 Not\T1
/ptm/m/n/10.95 -\T1/cmtt/m/n/10.95 Weakly\T1/ptm/m/n/10.95 -\T1/cmtt/m/n/10.95 
Normal\T1/ptm/m/n/10.95 -\T1/cmtt/m/n/10.95 In\T1/ptm/m/n/10.95 -
 []


Underfull \hbox (badness 10000) in paragraph at lines 73--75
[]\T1/cmtt/m/n/10.95 One\T1/ptm/m/n/10.95 -\T1/cmtt/m/n/10.95 Element\T1/ptm/m/
n/10.95 -\T1/cmtt/m/n/10.95 Showing\T1/ptm/m/n/10.95 -\T1/cmtt/m/n/10.95 Not\T1
/ptm/m/n/10.95 -\T1/cmtt/m/n/10.95 Weakly\T1/ptm/m/n/10.95 -\T1/cmtt/m/n/10.95 
Permutable\T1/ptm/m/n/10.95 ,
 []


Underfull \hbox (badness 10000) in paragraph at lines 75--77
[]\T1/cmtt/m/n/10.95 One\T1/ptm/m/n/10.95 -\T1/cmtt/m/n/10.95 Element\T1/ptm/m/
n/10.95 -\T1/cmtt/m/n/10.95 Showing\T1/ptm/m/n/10.95 -\T1/cmtt/m/n/10.95 Not\T1
/ptm/m/n/10.95 -\T1/cmtt/m/n/10.95 Weakly\T1/ptm/m/n/10.95 -\T1/cmtt/m/n/10.95 
Permutable\T1/ptm/m/n/10.95 -
 []


Underfull \hbox (badness 10000) in paragraph at lines 77--79
[]\T1/cmtt/m/n/10.95 One\T1/ptm/m/n/10.95 -\T1/cmtt/m/n/10.95 Element\T1/ptm/m/
n/10.95 -\T1/cmtt/m/n/10.95 Showing\T1/ptm/m/n/10.95 -\T1/cmtt/m/n/10.95 Not\T1
/ptm/m/n/10.95 -\T1/cmtt/m/n/10.95 Weakly\T1/ptm/m/n/10.95 -\T1/cmtt/m/n/10.95 
S\T1/ptm/m/n/10.95 -\T1/cmtt/m/n/10.95 Permutable\T1/ptm/m/n/10.95 ,
 []


Underfull \hbox (badness 10000) in paragraph at lines 79--81
[]\T1/cmtt/m/n/10.95 One\T1/ptm/m/n/10.95 -\T1/cmtt/m/n/10.95 Element\T1/ptm/m/
n/10.95 -\T1/cmtt/m/n/10.95 Showing\T1/ptm/m/n/10.95 -\T1/cmtt/m/n/10.95 Not\T1
/ptm/m/n/10.95 -\T1/cmtt/m/n/10.95 Weakly\T1/ptm/m/n/10.95 -\T1/cmtt/m/n/10.95 
S\T1/ptm/m/n/10.95 -\T1/cmtt/m/n/10.95 Permutable\T1/ptm/m/n/10.95 -
 []


Underfull \hbox (badness 10000) in paragraph at lines 82--84
[]\T1/cmtt/m/n/10.95 One\T1/ptm/m/n/10.95 -\T1/cmtt/m/n/10.95 Pair\T1/ptm/m/n/1
0.95 -\T1/cmtt/m/n/10.95 Showing\T1/ptm/m/n/10.95 -\T1/cmtt/m/n/10.95 Not\T1/pt
m/m/n/10.95 -\T1/cmtt/m/n/10.95 Mutually\T1/ptm/m/n/10.95 -\T1/cmtt/m/n/10.95 F
\T1/ptm/m/n/10.95 -\T1/cmtt/m/n/10.95 Permutable\T1/ptm/m/n/10.95 -
 []


Underfull \hbox (badness 10000) in paragraph at lines 84--86
[]\T1/cmtt/m/n/10.95 One\T1/ptm/m/n/10.95 -\T1/cmtt/m/n/10.95 Pair\T1/ptm/m/n/1
0.95 -\T1/cmtt/m/n/10.95 Showing\T1/ptm/m/n/10.95 -\T1/cmtt/m/n/10.95 Not\T1/pt
m/m/n/10.95 -\T1/cmtt/m/n/10.95 Mutually\T1/ptm/m/n/10.95 -\T1/cmtt/m/n/10.95 P
ermutable\T1/ptm/m/n/10.95 -
 []

[35


]
Underfull \hbox (badness 10000) in paragraph at lines 86--88
[]\T1/cmtt/m/n/10.95 One\T1/ptm/m/n/10.95 -\T1/cmtt/m/n/10.95 Pair\T1/ptm/m/n/1
0.95 -\T1/cmtt/m/n/10.95 Showing\T1/ptm/m/n/10.95 -\T1/cmtt/m/n/10.95 Not\T1/pt
m/m/n/10.95 -\T1/cmtt/m/n/10.95 Totally\T1/ptm/m/n/10.95 -\T1/cmtt/m/n/10.95 F\
T1/ptm/m/n/10.95 -\T1/cmtt/m/n/10.95 Permutable\T1/ptm/m/n/10.95 -
 []


Underfull \hbox (badness 10000) in paragraph at lines 88--90
[]\T1/cmtt/m/n/10.95 One\T1/ptm/m/n/10.95 -\T1/cmtt/m/n/10.95 Pair\T1/ptm/m/n/1
0.95 -\T1/cmtt/m/n/10.95 Showing\T1/ptm/m/n/10.95 -\T1/cmtt/m/n/10.95 Not\T1/pt
m/m/n/10.95 -\T1/cmtt/m/n/10.95 Totally\T1/ptm/m/n/10.95 -\T1/cmtt/m/n/10.95 Pe
rmutable\T1/ptm/m/n/10.95 -
 []


Underfull \hbox (badness 10000) in paragraph at lines 90--92
[]\T1/cmtt/m/n/10.95 One\T1/ptm/m/n/10.95 -\T1/cmtt/m/n/10.95 Subgroup\T1/ptm/m
/n/10.95 -\T1/cmtt/m/n/10.95 In\T1/ptm/m/n/10.95 -\T1/cmtt/m/n/10.95 Which\T1/p
tm/m/n/10.95 -\T1/cmtt/m/n/10.95 Subnormal\T1/ptm/m/n/10.95 -\T1/cmtt/m/n/10.95
 Not\T1/ptm/m/n/10.95 -\T1/cmtt/m/n/10.95 Normal\T1/ptm/m/n/10.95 ,
 []


Underfull \hbox (badness 10000) in paragraph at lines 92--94
[]\T1/cmtt/m/n/10.95 One\T1/ptm/m/n/10.95 -\T1/cmtt/m/n/10.95 Subgroup\T1/ptm/m
/n/10.95 -\T1/cmtt/m/n/10.95 In\T1/ptm/m/n/10.95 -\T1/cmtt/m/n/10.95 Which\T1/p
tm/m/n/10.95 -\T1/cmtt/m/n/10.95 Subnormal\T1/ptm/m/n/10.95 -\T1/cmtt/m/n/10.95
 Not\T1/ptm/m/n/10.95 -\T1/cmtt/m/n/10.95 Normal\T1/ptm/m/n/10.95 -
 []


Underfull \hbox (badness 10000) in paragraph at lines 94--96
[]\T1/cmtt/m/n/10.95 One\T1/ptm/m/n/10.95 -\T1/cmtt/m/n/10.95 Subgroup\T1/ptm/m
/n/10.95 -\T1/cmtt/m/n/10.95 In\T1/ptm/m/n/10.95 -\T1/cmtt/m/n/10.95 Which\T1/p
tm/m/n/10.95 -\T1/cmtt/m/n/10.95 Subnormal\T1/ptm/m/n/10.95 -\T1/cmtt/m/n/10.95
 Not\T1/ptm/m/n/10.95 -
 []


Underfull \hbox (badness 10000) in paragraph at lines 96--98
[]\T1/cmtt/m/n/10.95 One\T1/ptm/m/n/10.95 -\T1/cmtt/m/n/10.95 Subgroup\T1/ptm/m
/n/10.95 -\T1/cmtt/m/n/10.95 In\T1/ptm/m/n/10.95 -\T1/cmtt/m/n/10.95 Which\T1/p
tm/m/n/10.95 -\T1/cmtt/m/n/10.95 Subnormal\T1/ptm/m/n/10.95 -\T1/cmtt/m/n/10.95
 Not\T1/ptm/m/n/10.95 -
 []


Underfull \hbox (badness 10000) in paragraph at lines 98--100
[]\T1/cmtt/m/n/10.95 One\T1/ptm/m/n/10.95 -\T1/cmtt/m/n/10.95 Subgroup\T1/ptm/m
/n/10.95 -\T1/cmtt/m/n/10.95 In\T1/ptm/m/n/10.95 -\T1/cmtt/m/n/10.95 Which\T1/p
tm/m/n/10.95 -\T1/cmtt/m/n/10.95 Subnormal\T1/ptm/m/n/10.95 -\T1/cmtt/m/n/10.95
 Not\T1/ptm/m/n/10.95 -\T1/cmtt/m/n/10.95 S\T1/ptm/m/n/10.95 -
 []


Underfull \hbox (badness 10000) in paragraph at lines 100--102
[]\T1/cmtt/m/n/10.95 One\T1/ptm/m/n/10.95 -\T1/cmtt/m/n/10.95 Subgroup\T1/ptm/m
/n/10.95 -\T1/cmtt/m/n/10.95 In\T1/ptm/m/n/10.95 -\T1/cmtt/m/n/10.95 Which\T1/p
tm/m/n/10.95 -\T1/cmtt/m/n/10.95 Subnormal\T1/ptm/m/n/10.95 -\T1/cmtt/m/n/10.95
 Not\T1/ptm/m/n/10.95 -\T1/cmtt/m/n/10.95 S\T1/ptm/m/n/10.95 -
 []


Underfull \hbox (badness 10000) in paragraph at lines 104--106
[]\T1/cmtt/m/n/10.95 One\T1/ptm/m/n/10.95 -\T1/cmtt/m/n/10.95 Subnormal\T1/ptm/
m/n/10.95 -\T1/cmtt/m/n/10.95 Non\T1/ptm/m/n/10.95 -\T1/cmtt/m/n/10.95 Conjugat
e\T1/ptm/m/n/10.95 -\T1/cmtt/m/n/10.95 Permutable\T1/ptm/m/n/10.95 -
 []


Underfull \hbox (badness 10000) in paragraph at lines 111--113
[]\T1/cmtt/m/n/10.95 One\T1/ptm/m/n/10.95 -\T1/cmtt/m/n/10.95 Sylow\T1/ptm/m/n/
10.95 -\T1/cmtt/m/n/10.95 Subgroup\T1/ptm/m/n/10.95 -\T1/cmtt/m/n/10.95 Not\T1/
ptm/m/n/10.95 -\T1/cmtt/m/n/10.95 Permuting\T1/ptm/m/n/10.95 -\T1/cmtt/m/n/10.9
5 With\T1/ptm/m/n/10.95 -\T1/cmtt/m/n/10.95 In\T1/ptm/m/n/10.95 -
 []


Underfull \hbox (badness 10000) in paragraph at lines 114--116
[]\T1/cmtt/m/n/10.95 One\T1/ptm/m/n/10.95 -\T1/cmtt/m/n/10.95 System\T1/ptm/m/n
/10.95 -\T1/cmtt/m/n/10.95 Normaliser\T1/ptm/m/n/10.95 -\T1/cmtt/m/n/10.95 Not\
T1/ptm/m/n/10.95 -\T1/cmtt/m/n/10.95 Permuting\T1/ptm/m/n/10.95 -\T1/cmtt/m/n/1
0.95 With\T1/ptm/m/n/10.95 -\T1/cmtt/m/n/10.95 In\T1/ptm/m/n/10.95 -
 []

[36

])
Package atveryend Info: Empty hook `BeforeClearDocument' on input line 1962.
Package atveryend Info: Empty hook `AfterLastShipout' on input line 1962.
 (./permut.aux)
Package atveryend Info: Executing hook `AtVeryEndDocument' on input line 1962.
Package atveryend Info: Executing hook `AtEndAfterFileList' on input line 1962.

Package rerunfilecheck Info: File `permut.out' has not changed.
(rerunfilecheck)             Checksum: 9CF9A779663970FED2AC2D02992A6EDE;1363.
Package rerunfilecheck Info: File `permut.brf' has not changed.
(rerunfilecheck)             Checksum: 095A4CFBEA2C68CA45ECD87E23BF4CF7;1463.
Package atveryend Info: Empty hook `AtVeryVeryEnd' on input line 1962.
 ) 
Here is how much of TeX's memory you used:
 7290 strings out of 493089
 109775 string characters out of 6137055
 191348 words of memory out of 5000000
 10441 multiletter control sequences out of 15000+600000
 77430 words of font info for 96 fonts, out of 8000000 for 9000
 1141 hyphenation exceptions out of 8191
 32i,8n,28p,1151b,642s stack positions out of 5000i,500n,10000p,200000b,80000s
{/usr/share/texmf/fonts/enc/dvips/cm-super/cm-super-t1.enc}{/usr/share/texliv
e/texmf-dist/fonts/enc/dvips/base/8r.enc}</usr/share/texlive/texmf-dist/fonts/t
ype1/public/amsfonts/cm/cmmi10.pfb></usr/share/texlive/texmf-dist/fonts/type1/p
ublic/amsfonts/cm/cmr10.pfb></usr/share/texlive/texmf-dist/fonts/type1/public/a
msfonts/cm/cmsy10.pfb></usr/share/texlive/texmf-dist/fonts/type1/public/rsfs/rs
fs10.pfb></usr/share/texmf/fonts/type1/public/cm-super/sfit1095.pfb></usr/share
/texmf/fonts/type1/public/cm-super/sfst1095.pfb></usr/share/texmf/fonts/type1/p
ublic/cm-super/sftt1000.pfb></usr/share/texmf/fonts/type1/public/cm-super/sftt1
095.pfb></usr/share/texlive/texmf-dist/fonts/type1/urw/helvetic/uhvb8a.pfb></us
r/share/texlive/texmf-dist/fonts/type1/urw/helvetic/uhvr8a.pfb></usr/share/texl
ive/texmf-dist/fonts/type1/urw/helvetic/uhvro8a.pfb></usr/share/texlive/texmf-d
ist/fonts/type1/urw/times/utmb8a.pfb></usr/share/texlive/texmf-dist/fonts/type1
/urw/times/utmr8a.pfb></usr/share/texlive/texmf-dist/fonts/type1/urw/times/utmr
i8a.pfb>
Output written on permut.pdf (36 pages, 280210 bytes).
PDF statistics:
 668 PDF objects out of 1000 (max. 8388607)
 609 compressed objects within 7 object streams
 204 named destinations out of 1000 (max. 500000)
 145 words of extra memory for PDF output out of 10000 (max. 10000000)

